<?xml version="1.0" encoding="UTF-8"?>
<testsuite xmlns:xsi="http://www.w3.org/2001/XMLSchema-instance" xsi:schemaLocation="https://maven.apache.org/surefire/maven-surefire-plugin/xsd/surefire-test-report.xsd" name="io.helidon.examples.quickstart.MainTest" time="1.358" tests="1" errors="1" skipped="0" failures="0">
  <properties>
[...]
</properties>
  <testcase name="io.helidon.examples.quickstart.MainTest" classname="io.helidon.examples.quickstart.MainTest" time="1.357">
    <error message="java.lang.NoSuchMethodException" type="org.jboss.weld.exceptions.DeploymentException">org.jboss.weld.exceptions.DeploymentException: java.lang.NoSuchMethodException
	at io.helidon.examples.quickstart.MainTest.startTheServer(MainTest.java:39)
Caused by: org.eclipse.microprofile.faulttolerance.exceptions.FaultToleranceDefinitionException: java.lang.NoSuchMethodException
	at io.helidon.examples.quickstart.MainTest.startTheServer(MainTest.java:39)
Caused by: java.lang.NoSuchMethodException
	at io.helidon.examples.quickstart.MainTest.startTheServer(MainTest.java:39)
</error>
    <system-err><![CDATA[4월 19, 2019 1:12:43 오후 org.jboss.weld.bootstrap.WeldStartup <clinit>
INFO: WELD-000900: 3.0.3 (Final)
4월 19, 2019 1:12:43 오후 org.jboss.weld.environment.deployment.discovery.DiscoveryStrategyFactory create
INFO: WELD-ENV-000020: Using jandex for bean discovery
4월 19, 2019 1:12:43 오후 org.jboss.weld.bootstrap.WeldStartup startContainer
INFO: WELD-000101: Transactional services not available. Injection of @Inject UserTransaction not available. Transactional observers will be invoked synchronously.
4월 19, 2019 1:12:43 오후 org.jboss.weld.event.ExtensionObserverMethodImpl checkRequiredTypeAnnotations
INFO: WELD-000411: Observer method [BackedAnnotatedMethod] private org.glassfish.jersey.ext.cdi1x.internal.CdiComponentProvider.processAnnotatedType(@Observes ProcessAnnotatedType) receives events for all annotated types. Consider restricting events using @WithAnnotations or a generic type with bounds.
4월 19, 2019 1:12:43 오후 org.jboss.weld.bootstrap.events.BeforeBeanDiscoveryImpl addAnnotatedType
WARN: WELD-000146: BeforeBeanDiscovery.addAnnotatedType(AnnotatedType<?>) used for class org.glassfish.jersey.ext.cdi1x.internal.CdiComponentProvider$JaxRsParamProducer is deprecated from CDI 1.1!
]]></system-err>
  </testcase>
</testsuite>